<?xml version="1.0" encoding="UTF-8"?>
<!-- Generated by org.testng.reporters.JUnitXMLReporter -->
<testsuite hostname="L008091" name="CooperTest" tests="4" failures="0" timestamp="11 Dec 2018 16:41:51 GMT" time="52.738" errors="0">
  <testcase name="fnValidateLoginScreenTest" time="2.565" classname="cooperTestScenarios.CooperLoginScreenTestCasesClass"/>
  <testcase name="fnValidateEmersonLogoImage" time="2.42" classname="cooperTestScenarios.CooperLoginScreenTestCasesClass"/>
  <testcase name="fnValidateLoginUserNameTxtBx" time="2.41" classname="cooperTestScenarios.CooperLoginScreenTestCasesClass"/>
  <testcase name="fnValidateLoginPasswordTxtBx" time="2.409" classname="cooperTestScenarios.CooperLoginScreenTestCasesClass"/>
</testsuite> <!-- CooperTest -->
