<?xml version="1.0" encoding="UTF-8"?>
<!-- Generated by org.testng.reporters.JUnitXMLReporter -->
<testsuite hostname="L008091" name="CooperTest" tests="4" failures="0" timestamp="18 Nov 2018 13:45:49 GMT" time="72.38" errors="0">
  <testcase name="loginTest" time="5.876" classname="cooperTestScenarios.CooperLoginTestCasesClass"/>
  <testcase name="logoutTest" time="15.943" classname="cooperTestScenarios.CooperLoginTestCasesClass"/>
  <testcase name="invalidLoginTest" time="10.195" classname="cooperTestScenarios.CooperLoginTestCasesClass"/>
  <testcase name="cooperLogoTest" time="10.66" classname="cooperTestScenarios.CooperDashboardTestCasesClass"/>
</testsuite> <!-- CooperTest -->
