<?xml version="1.0" encoding="UTF-8"?>
<!-- Generated by org.testng.reporters.JUnitXMLReporter -->
<testsuite hostname="L008091" name="Test" tests="1" failures="1" timestamp="18 Nov 2018 05:47:46 GMT" time="13.969" errors="0">
  <testcase name="loginTest" time="5.757" classname="cooperTestScenarios.CooperLoginTestCasesClass">
    <failure type="java.lang.NullPointerException">
      <![CDATA[java.lang.NullPointerException
	at cooperTestScenarios.CooperLoginTestCasesClass.loginTest(CooperLoginTestCasesClass.java:34)
... Removed 24 stack frames]]>
    </failure>
  </testcase> <!-- loginTest -->
</testsuite> <!-- Test -->
